	Command being timed: "./mapped_counts.py /projects/bgmp/pgenge/bioinfo/Bi623/QAA/star_aligned_sam/undetermined_alignment.Mus_musculus.GRCm39.ens107Aligned.out.sam undetermined_mapped_unmapped_counts.txt"
	User time (seconds): 36.56
	System time (seconds): 1.97
	Percent of CPU this job got: 99%
	Elapsed (wall clock) time (h:mm:ss or m:ss): 0:38.60
	Average shared text size (kbytes): 0
	Average unshared data size (kbytes): 0
	Average stack size (kbytes): 0
	Average total size (kbytes): 0
	Maximum resident set size (kbytes): 5848
	Average resident set size (kbytes): 0
	Major (requiring I/O) page faults: 0
	Minor (reclaiming a frame) page faults: 2947
	Voluntary context switches: 54
	Involuntary context switches: 14
	Swaps: 0
	File system inputs: 128
	File system outputs: 0
	Socket messages sent: 0
	Socket messages received: 0
	Signals delivered: 0
	Page size (bytes): 4096
	Exit status: 0
	Command being timed: "./mapped_counts.py /projects/bgmp/pgenge/bioinfo/Bi623/QAA/star_aligned_sam/2_2B_control_alignment.Mus_musculus.GRCm39.ens107Aligned.out.sam 2_2B_control_mapped_unmapped_counts.txt"
	User time (seconds): 17.64
	System time (seconds): 1.01
	Percent of CPU this job got: 99%
	Elapsed (wall clock) time (h:mm:ss or m:ss): 0:18.70
	Average shared text size (kbytes): 0
	Average unshared data size (kbytes): 0
	Average stack size (kbytes): 0
	Average total size (kbytes): 0
	Maximum resident set size (kbytes): 5848
	Average resident set size (kbytes): 0
	Major (requiring I/O) page faults: 0
	Minor (reclaiming a frame) page faults: 2825
	Voluntary context switches: 29
	Involuntary context switches: 7
	Swaps: 0
	File system inputs: 0
	File system outputs: 0
	Socket messages sent: 0
	Socket messages received: 0
	Signals delivered: 0
	Page size (bytes): 4096
	Exit status: 0
